c:\users\anthony laptop\desktop\digipen\cs 230 summer\project 7\debug\project7.pch
c:\users\anthony laptop\desktop\digipen\cs 230 summer\project 7\debug\vc141.pdb
c:\users\anthony laptop\desktop\digipen\cs 230 summer\project 7\debug\vc141.idb
c:\users\anthony laptop\desktop\digipen\cs 230 summer\project 7\debug\stdafx.obj
c:\users\anthony laptop\desktop\digipen\cs 230 summer\project 7\debug\spritesourcemanager.obj
c:\users\anthony laptop\desktop\digipen\cs 230 summer\project 7\debug\spritesource.obj
c:\users\anthony laptop\desktop\digipen\cs 230 summer\project 7\debug\sprite.obj
c:\users\anthony laptop\desktop\digipen\cs 230 summer\project 7\debug\random.obj
c:\users\anthony laptop\desktop\digipen\cs 230 summer\project 7\debug\physics.obj
c:\users\anthony laptop\desktop\digipen\cs 230 summer\project 7\debug\mesh.obj
c:\users\anthony laptop\desktop\digipen\cs 230 summer\project 7\debug\matrix2d.obj
c:\users\anthony laptop\desktop\digipen\cs 230 summer\project 7\debug\main.obj
c:\users\anthony laptop\desktop\digipen\cs 230 summer\project 7\debug\gamestatetable.obj
c:\users\anthony laptop\desktop\digipen\cs 230 summer\project 7\debug\gamestatestub.obj
c:\users\anthony laptop\desktop\digipen\cs 230 summer\project 7\debug\gamestatemanager.obj
c:\users\anthony laptop\desktop\digipen\cs 230 summer\project 7\debug\gamestatelevel1.obj
c:\users\anthony laptop\desktop\digipen\cs 230 summer\project 7\debug\gameobjectfactory.obj
c:\users\anthony laptop\desktop\digipen\cs 230 summer\project 7\debug\gameobject.obj
c:\users\anthony laptop\desktop\digipen\cs 230 summer\project 7\debug\meshmanager.obj
c:\users\anthony laptop\desktop\digipen\cs 230 summer\project 7\debug\gamestatelevel2.obj
c:\users\anthony laptop\desktop\digipen\cs 230 summer\project 7\debug\gameobjectmanager.obj
c:\users\anthony laptop\desktop\digipen\cs 230 summer\project 7\debug\engine.obj
c:\users\anthony laptop\desktop\digipen\cs 230 summer\project 7\debug\animation.obj
c:\users\anthony laptop\desktop\digipen\cs 230 summer\project 7\debug\vector2d.obj
c:\users\anthony laptop\desktop\digipen\cs 230 summer\project 7\debug\transform.obj
c:\users\anthony laptop\desktop\digipen\cs 230 summer\project 7\debug\trace.obj
c:\users\anthony laptop\desktop\digipen\cs 230 summer\project 7\debug\system.obj
c:\users\anthony laptop\desktop\digipen\cs 230 summer\project 7\debug\stub.obj
c:\users\anthony laptop\desktop\digipen\cs 230 summer\project 7\debug\stream.obj
c:\users\anthony laptop\desktop\digipen\cs 230 summer\project 7\debug\project7.tlog\cl.command.1.tlog
c:\users\anthony laptop\desktop\digipen\cs 230 summer\project 7\debug\project7.tlog\cl.read.1.tlog
c:\users\anthony laptop\desktop\digipen\cs 230 summer\project 7\debug\project7.tlog\cl.write.1.tlog
