Engine: Init
GSM: Init
Engine: Update
GSM: Update
Level1: Load
Level1: Init
Level1: Update
Engine: Update
GSM: Update
Level1: Update
Engine: Update
GSM: Update
Level1: Update
Engine: Update
GSM: Update
Level1: Shutdown
Level1: Unload
Level2: Load
Level2: Init
Level2: Update
Engine: Update
GSM: Update
Level2: Update
Engine: Update
GSM: Update
Level2: Shutdown
Level2: Init
Level2: Update
Engine: Update
GSM: Update
Level2: Update
Engine: Update
GSM: Update
Level2: Shutdown
Level2: Unload
Engine: Shutdown
GSM: Shutdown
