e:\tuangalie\lucid\debug\vc141.pdb
e:\tuangalie\lucid\debug\vc141.idb
e:\tuangalie\lucid\debug\scene_room4.obj
e:\tuangalie\lucid\debug\scene_room3.obj
e:\tuangalie\lucid\debug\scene_room2.obj
e:\tuangalie\lucid\debug\scene_room1.obj
e:\tuangalie\lucid\debug\scene_phytest.obj
e:\tuangalie\lucid\debug\scene_mainmenu.obj
e:\tuangalie\lucid\debug\scene_levelselect.obj
e:\tuangalie\lucid\debug\scene_gameover.obj
e:\tuangalie\lucid\debug\scene_game.obj
e:\tuangalie\lucid\debug\scene_digipenlogo.obj
e:\tuangalie\lucid\debug\scene_clock.obj
e:\tuangalie\lucid\debug\scenetable.obj
e:\tuangalie\lucid\debug\scenemanager.obj
e:\tuangalie\lucid\debug\playermanager.obj
e:\tuangalie\lucid\debug\npc.obj
e:\tuangalie\lucid\debug\main.obj
e:\tuangalie\lucid\debug\inputmanager.obj
e:\tuangalie\lucid\debug\engine.obj
e:\tuangalie\lucid\debug\desk.obj
e:\tuangalie\lucid\debug\processing_sample.ilk
e:\tuangalie\lucid\debug\processing_sample.exe
e:\tuangalie\lucid\debug\processing_sample.pdb
e:\tuangalie\lucid\debug\processi.14b654ed.tlog\cl.read.1.tlog
e:\tuangalie\lucid\debug\processi.14b654ed.tlog\cl.write.1.tlog
e:\tuangalie\lucid\debug\processi.14b654ed.tlog\cl.command.1.tlog
e:\tuangalie\lucid\debug\processi.14b654ed.tlog\link.command.1.tlog
e:\tuangalie\lucid\debug\processi.14b654ed.tlog\link.read.1.tlog
e:\tuangalie\lucid\debug\processi.14b654ed.tlog\link.write.1.tlog
