e:\anthony.m\2018\fall semester\gam100\updated c processing\debug\vc141.pdb
e:\anthony.m\2018\fall semester\gam100\updated c processing\debug\vc141.idb
e:\anthony.m\2018\fall semester\gam100\updated c processing\debug\scene_digipenlogo.obj
e:\anthony.m\2018\fall semester\gam100\updated c processing\debug\soundmanager.obj
e:\anthony.m\2018\fall semester\gam100\updated c processing\debug\scene_mainmenu.obj
e:\anthony.m\2018\fall semester\gam100\updated c processing\debug\scene_gameover.obj
e:\anthony.m\2018\fall semester\gam100\updated c processing\debug\scene_game.obj
e:\anthony.m\2018\fall semester\gam100\updated c processing\debug\scenetable.obj
e:\anthony.m\2018\fall semester\gam100\updated c processing\debug\scenemanager.obj
e:\anthony.m\2018\fall semester\gam100\updated c processing\debug\main.obj
e:\anthony.m\2018\fall semester\gam100\updated c processing\debug\inputmanager.obj
e:\anthony.m\2018\fall semester\gam100\updated c processing\debug\gamemanager.obj
e:\anthony.m\2018\fall semester\gam100\updated c processing\debug\engine.obj
e:\anthony.m\2018\fall semester\gam100\updated c processing\debug\processing_sample.ilk
e:\anthony.m\2018\fall semester\gam100\updated c processing\debug\processing_sample.exe
e:\anthony.m\2018\fall semester\gam100\updated c processing\debug\processing_sample.pdb
e:\anthony.m\2018\fall semester\gam100\updated c processing\debug\processi.14b654ed.tlog\cl.read.1.tlog
e:\anthony.m\2018\fall semester\gam100\updated c processing\debug\processi.14b654ed.tlog\cl.write.1.tlog
e:\anthony.m\2018\fall semester\gam100\updated c processing\debug\processi.14b654ed.tlog\cl.command.1.tlog
e:\anthony.m\2018\fall semester\gam100\updated c processing\debug\processi.14b654ed.tlog\link.read.1.tlog
e:\anthony.m\2018\fall semester\gam100\updated c processing\debug\processi.14b654ed.tlog\link.write.1.tlog
e:\anthony.m\2018\fall semester\gam100\updated c processing\debug\processi.14b654ed.tlog\link.command.1.tlog
